0 info it worked if it ends with ok
1 verbose cli [ '/Users/cloudcome/.tnvm/versions/alinode/v2.0.4/bin/node',
1 verbose cli   '/Users/cloudcome/.tnvm/versions/alinode/v2.0.4/bin/npm',
1 verbose cli   'run',
1 verbose cli   'min' ]
2 info using npm@3.10.9
3 info using node@v6.9.2
4 verbose run-script [ 'premin', 'min', 'postmin' ]
5 info lifecycle coolie.js@2.1.0~premin: coolie.js@2.1.0
6 silly lifecycle coolie.js@2.1.0~premin: no script for premin, continuing
7 info lifecycle coolie.js@2.1.0~min: coolie.js@2.1.0
8 verbose lifecycle coolie.js@2.1.0~min: unsafe-perm in lifecycle true
9 verbose lifecycle coolie.js@2.1.0~min: PATH: /Users/cloudcome/.tnvm/versions/alinode/v2.0.4/lib/node_modules/npm/bin/node-gyp-bin:/Users/cloudcome/development/github-cooliejs/coolie.js/node_modules/.bin:/Users/cloudcome/.tnvm/versions/alinode/v2.0.4/bin:/usr/local/bin:/usr/bin:/bin:/usr/sbin:/sbin
10 verbose lifecycle coolie.js@2.1.0~min: CWD: /Users/cloudcome/development/github-cooliejs/coolie.js
11 silly lifecycle coolie.js@2.1.0~min: Args: [ '-c',
11 silly lifecycle   'node ./node_modules/uglify-js/bin/uglifyjs ./coolie.js -cm --comments some -o ./coolie.min.js' ]
12 silly lifecycle coolie.js@2.1.0~min: Returned: code: 1  signal: null
13 info lifecycle coolie.js@2.1.0~min: Failed to exec min script
14 verbose stack Error: coolie.js@2.1.0 min: `node ./node_modules/uglify-js/bin/uglifyjs ./coolie.js -cm --comments some -o ./coolie.min.js`
14 verbose stack Exit status 1
14 verbose stack     at EventEmitter.<anonymous> (/Users/cloudcome/.tnvm/versions/alinode/v2.0.4/lib/node_modules/npm/lib/utils/lifecycle.js:255:16)
14 verbose stack     at emitTwo (events.js:106:13)
14 verbose stack     at EventEmitter.emit (events.js:191:7)
14 verbose stack     at ChildProcess.<anonymous> (/Users/cloudcome/.tnvm/versions/alinode/v2.0.4/lib/node_modules/npm/lib/utils/spawn.js:40:14)
14 verbose stack     at emitTwo (events.js:106:13)
14 verbose stack     at ChildProcess.emit (events.js:191:7)
14 verbose stack     at maybeClose (internal/child_process.js:877:16)
14 verbose stack     at Process.ChildProcess._handle.onexit (internal/child_process.js:226:5)
15 verbose pkgid coolie.js@2.1.0
16 verbose cwd /Users/cloudcome/development/github-cooliejs/coolie.js
17 error Darwin 16.3.0
18 error argv "/Users/cloudcome/.tnvm/versions/alinode/v2.0.4/bin/node" "/Users/cloudcome/.tnvm/versions/alinode/v2.0.4/bin/npm" "run" "min"
19 error node v6.9.2
20 error npm  v3.10.9
21 error code ELIFECYCLE
22 error coolie.js@2.1.0 min: `node ./node_modules/uglify-js/bin/uglifyjs ./coolie.js -cm --comments some -o ./coolie.min.js`
22 error Exit status 1
23 error Failed at the coolie.js@2.1.0 min script 'node ./node_modules/uglify-js/bin/uglifyjs ./coolie.js -cm --comments some -o ./coolie.min.js'.
23 error Make sure you have the latest version of node.js and npm installed.
23 error If you do, this is most likely a problem with the coolie.js package,
23 error not with npm itself.
23 error Tell the author that this fails on your system:
23 error     node ./node_modules/uglify-js/bin/uglifyjs ./coolie.js -cm --comments some -o ./coolie.min.js
23 error You can get information on how to open an issue for this project with:
23 error     npm bugs coolie.js
23 error Or if that isn't available, you can get their info via:
23 error     npm owner ls coolie.js
23 error There is likely additional logging output above.
24 verbose exit [ 1, true ]
